  [1m[35m (0.1ms)[0m  [1m[34mSELECT sqlite_version(*)[0m
  ↳ bin/rails:9
  [1m[35m (2.9ms)[0m  [1m[35mCREATE TABLE "schema_migrations" ("version" varchar NOT NULL PRIMARY KEY)[0m
  ↳ bin/rails:9
  [1m[35m (1.0ms)[0m  [1m[35mCREATE TABLE "ar_internal_metadata" ("key" varchar NOT NULL PRIMARY KEY, "value" varchar, "created_at" datetime NOT NULL, "updated_at" datetime NOT NULL)[0m
  ↳ bin/rails:9
  [1m[35m (0.1ms)[0m  [1m[34mSELECT "schema_migrations"."version" FROM "schema_migrations" ORDER BY "schema_migrations"."version" ASC[0m
  ↳ bin/rails:9
Migrating to CreateUsers (20181023131020)
  [1m[35m (0.0ms)[0m  [1m[36mbegin transaction[0m
  ↳ bin/rails:9
  [1m[35m (0.2ms)[0m  [1m[35mCREATE TABLE "users" ("id" integer PRIMARY KEY AUTOINCREMENT NOT NULL, "username" varchar, "email" varchar, "password" varchar, "created_at" datetime NOT NULL, "updated_at" datetime NOT NULL)[0m
  ↳ db/migrate/20181023131020_create_users.rb:3
  [1m[36mActiveRecord::SchemaMigration Create (0.1ms)[0m  [1m[32mINSERT INTO "schema_migrations" ("version") VALUES (?)[0m  [["version", "20181023131020"]]
  ↳ bin/rails:9
  [1m[35m (0.9ms)[0m  [1m[36mcommit transaction[0m
  ↳ bin/rails:9
Migrating to CreatePosts (20181023131136)
  [1m[35m (0.0ms)[0m  [1m[36mbegin transaction[0m
  ↳ bin/rails:9
  [1m[35m (0.2ms)[0m  [1m[35mCREATE TABLE "posts" ("id" integer PRIMARY KEY AUTOINCREMENT NOT NULL, "title" varchar, "content" text, "user_id" integer, "created_at" datetime NOT NULL, "updated_at" datetime NOT NULL)[0m
  ↳ db/migrate/20181023131136_create_posts.rb:3
  [1m[36mActiveRecord::SchemaMigration Create (0.1ms)[0m  [1m[32mINSERT INTO "schema_migrations" ("version") VALUES (?)[0m  [["version", "20181023131136"]]
  ↳ bin/rails:9
  [1m[35m (0.7ms)[0m  [1m[36mcommit transaction[0m
  ↳ bin/rails:9
Migrating to CreateComments (20181023131257)
  [1m[35m (0.0ms)[0m  [1m[36mbegin transaction[0m
  ↳ bin/rails:9
  [1m[35m (0.2ms)[0m  [1m[35mCREATE TABLE "comments" ("id" integer PRIMARY KEY AUTOINCREMENT NOT NULL, "title" varchar, "content" text, "user_id" integer, "post_id" integer, "created_at" datetime NOT NULL, "updated_at" datetime NOT NULL)[0m
  ↳ db/migrate/20181023131257_create_comments.rb:3
  [1m[36mActiveRecord::SchemaMigration Create (0.1ms)[0m  [1m[32mINSERT INTO "schema_migrations" ("version") VALUES (?)[0m  [["version", "20181023131257"]]
  ↳ bin/rails:9
  [1m[35m (0.7ms)[0m  [1m[36mcommit transaction[0m
  ↳ bin/rails:9
  [1m[36mActiveRecord::InternalMetadata Load (0.1ms)[0m  [1m[34mSELECT  "ar_internal_metadata".* FROM "ar_internal_metadata" WHERE "ar_internal_metadata"."key" = ? LIMIT ?[0m  [["key", "environment"], ["LIMIT", 1]]
  ↳ bin/rails:9
  [1m[35m (0.0ms)[0m  [1m[36mbegin transaction[0m
  ↳ bin/rails:9
  [1m[36mActiveRecord::InternalMetadata Create (0.1ms)[0m  [1m[32mINSERT INTO "ar_internal_metadata" ("key", "value", "created_at", "updated_at") VALUES (?, ?, ?, ?)[0m  [["key", "environment"], ["value", "development"], ["created_at", "2018-10-23 13:19:50.185423"], ["updated_at", "2018-10-23 13:19:50.185423"]]
  ↳ bin/rails:9
  [1m[35m (0.6ms)[0m  [1m[36mcommit transaction[0m
  ↳ bin/rails:9
  [1m[35m (0.1ms)[0m  [1m[34mSELECT "schema_migrations"."version" FROM "schema_migrations" ORDER BY "schema_migrations"."version" ASC[0m
  ↳ bin/rails:9
  [1m[35m (0.0ms)[0m  [1m[36mbegin transaction[0m
  [1m[36mUser Create (0.2ms)[0m  [1m[32mINSERT INTO "users" ("username", "email", "password", "created_at", "updated_at") VALUES (?, ?, ?, ?, ?)[0m  [["username", "Alan"], ["email", "a@a.com"], ["password", "blah"], ["created_at", "2018-10-23 13:21:16.703026"], ["updated_at", "2018-10-23 13:21:16.703026"]]
  [1m[35m (0.9ms)[0m  [1m[36mcommit transaction[0m
  [1m[35m (0.0ms)[0m  [1m[36mbegin transaction[0m
  [1m[36mUser Load (0.1ms)[0m  [1m[34mSELECT  "users".* FROM "users" WHERE "users"."id" = ? LIMIT ?[0m  [["id", 1], ["LIMIT", 1]]
  [1m[36mPost Create (0.2ms)[0m  [1m[32mINSERT INTO "posts" ("title", "content", "user_id", "created_at", "updated_at") VALUES (?, ?, ?, ?, ?)[0m  [["title", "This is a post"], ["content", "Yes it is"], ["user_id", 1], ["created_at", "2018-10-23 13:22:22.947937"], ["updated_at", "2018-10-23 13:22:22.947937"]]
  [1m[35m (1.0ms)[0m  [1m[36mcommit transaction[0m
  [1m[36mUser Load (0.5ms)[0m  [1m[34mSELECT  "users".* FROM "users" LIMIT ?[0m  [["LIMIT", 11]]
  [1m[36mUser Load (0.3ms)[0m  [1m[34mSELECT  "users".* FROM "users" WHERE "users"."id" = ? LIMIT ?[0m  [["id", 1], ["LIMIT", 1]]
  [1m[36mPost Load (0.1ms)[0m  [1m[34mSELECT  "posts".* FROM "posts" WHERE "posts"."user_id" = ? LIMIT ?[0m  [["user_id", 1], ["LIMIT", 11]]
Started GET "/" for 127.0.0.1 at 2018-10-23 07:23:53 -0600
  [1m[35m (0.1ms)[0m  [1m[34mSELECT "schema_migrations"."version" FROM "schema_migrations" ORDER BY "schema_migrations"."version" ASC[0m
  ↳ /home/vardy/.rbenv/versions/2.5.1/lib/ruby/gems/2.5.0/gems/activerecord-5.2.1/lib/active_record/log_subscriber.rb:98
Processing by Rails::WelcomeController#index as HTML
  Rendering /home/vardy/.rbenv/versions/2.5.1/lib/ruby/gems/2.5.0/gems/railties-5.2.1/lib/rails/templates/rails/welcome/index.html.erb
  Rendered /home/vardy/.rbenv/versions/2.5.1/lib/ruby/gems/2.5.0/gems/railties-5.2.1/lib/rails/templates/rails/welcome/index.html.erb (1.7ms)
Completed 200 OK in 10ms (Views: 4.9ms | ActiveRecord: 0.0ms)


Started GET "/" for 127.0.0.1 at 2018-10-23 08:49:05 -0600
  [1m[35m (0.2ms)[0m  [1m[34mSELECT "schema_migrations"."version" FROM "schema_migrations" ORDER BY "schema_migrations"."version" ASC[0m
  ↳ /home/vardy/.rbenv/versions/2.5.1/lib/ruby/gems/2.5.0/gems/activerecord-5.2.1/lib/active_record/log_subscriber.rb:98
Processing by ApplicationController#index as HTML
Completed 406 Not Acceptable in 9ms (ActiveRecord: 0.0ms)


  
ActionController::UnknownFormat (ApplicationController#index is missing a template for this request format and variant.

request.formats: ["text/html"]
request.variant: []

NOTE! For XHR/Ajax or API requests, this action would normally respond with 204 No Content: an empty white screen. Since you're loading it in a web browser, we assume that you expected to actually render a template, not nothing, so we're showing an error to be extra-clear. If you expect 204 No Content, carry on. That's what you'll get from an XHR or API request. Give it a shot.):
  
actionpack (5.2.1) lib/action_controller/metal/implicit_render.rb:55:in `default_render'
actionpack (5.2.1) lib/action_controller/metal/basic_implicit_render.rb:6:in `block in send_action'
actionpack (5.2.1) lib/action_controller/metal/basic_implicit_render.rb:6:in `tap'
actionpack (5.2.1) lib/action_controller/metal/basic_implicit_render.rb:6:in `send_action'
actionpack (5.2.1) lib/abstract_controller/base.rb:194:in `process_action'
actionpack (5.2.1) lib/action_controller/metal/rendering.rb:30:in `process_action'
actionpack (5.2.1) lib/abstract_controller/callbacks.rb:42:in `block in process_action'
activesupport (5.2.1) lib/active_support/callbacks.rb:132:in `run_callbacks'
actionpack (5.2.1) lib/abstract_controller/callbacks.rb:41:in `process_action'
actionpack (5.2.1) lib/action_controller/metal/rescue.rb:22:in `process_action'
actionpack (5.2.1) lib/action_controller/metal/instrumentation.rb:34:in `block in process_action'
activesupport (5.2.1) lib/active_support/notifications.rb:168:in `block in instrument'
activesupport (5.2.1) lib/active_support/notifications/instrumenter.rb:23:in `instrument'
activesupport (5.2.1) lib/active_support/notifications.rb:168:in `instrument'
actionpack (5.2.1) lib/action_controller/metal/instrumentation.rb:32:in `process_action'
actionpack (5.2.1) lib/action_controller/metal/params_wrapper.rb:256:in `process_action'
activerecord (5.2.1) lib/active_record/railties/controller_runtime.rb:24:in `process_action'
actionpack (5.2.1) lib/abstract_controller/base.rb:134:in `process'
actionview (5.2.1) lib/action_view/rendering.rb:32:in `process'
actionpack (5.2.1) lib/action_controller/metal.rb:191:in `dispatch'
actionpack (5.2.1) lib/action_controller/metal.rb:252:in `dispatch'
actionpack (5.2.1) lib/action_dispatch/routing/route_set.rb:52:in `dispatch'
actionpack (5.2.1) lib/action_dispatch/routing/route_set.rb:34:in `serve'
actionpack (5.2.1) lib/action_dispatch/journey/router.rb:52:in `block in serve'
actionpack (5.2.1) lib/action_dispatch/journey/router.rb:35:in `each'
actionpack (5.2.1) lib/action_dispatch/journey/router.rb:35:in `serve'
actionpack (5.2.1) lib/action_dispatch/routing/route_set.rb:840:in `call'
rack (2.0.5) lib/rack/tempfile_reaper.rb:15:in `call'
rack (2.0.5) lib/rack/etag.rb:25:in `call'
rack (2.0.5) lib/rack/conditional_get.rb:25:in `call'
rack (2.0.5) lib/rack/head.rb:12:in `call'
actionpack (5.2.1) lib/action_dispatch/http/content_security_policy.rb:18:in `call'
rack (2.0.5) lib/rack/session/abstract/id.rb:232:in `context'
rack (2.0.5) lib/rack/session/abstract/id.rb:226:in `call'
actionpack (5.2.1) lib/action_dispatch/middleware/cookies.rb:670:in `call'
activerecord (5.2.1) lib/active_record/migration.rb:559:in `call'
actionpack (5.2.1) lib/action_dispatch/middleware/callbacks.rb:28:in `block in call'
activesupport (5.2.1) lib/active_support/callbacks.rb:98:in `run_callbacks'
actionpack (5.2.1) lib/action_dispatch/middleware/callbacks.rb:26:in `call'
actionpack (5.2.1) lib/action_dispatch/middleware/executor.rb:14:in `call'
actionpack (5.2.1) lib/action_dispatch/middleware/debug_exceptions.rb:61:in `call'
web-console (3.7.0) lib/web_console/middleware.rb:135:in `call_app'
web-console (3.7.0) lib/web_console/middleware.rb:30:in `block in call'
web-console (3.7.0) lib/web_console/middleware.rb:20:in `catch'
web-console (3.7.0) lib/web_console/middleware.rb:20:in `call'
actionpack (5.2.1) lib/action_dispatch/middleware/show_exceptions.rb:33:in `call'
railties (5.2.1) lib/rails/rack/logger.rb:38:in `call_app'
railties (5.2.1) lib/rails/rack/logger.rb:26:in `block in call'
activesupport (5.2.1) lib/active_support/tagged_logging.rb:71:in `block in tagged'
activesupport (5.2.1) lib/active_support/tagged_logging.rb:28:in `tagged'
activesupport (5.2.1) lib/active_support/tagged_logging.rb:71:in `tagged'
railties (5.2.1) lib/rails/rack/logger.rb:26:in `call'
sprockets-rails (3.2.1) lib/sprockets/rails/quiet_assets.rb:13:in `call'
actionpack (5.2.1) lib/action_dispatch/middleware/remote_ip.rb:81:in `call'
actionpack (5.2.1) lib/action_dispatch/middleware/request_id.rb:27:in `call'
rack (2.0.5) lib/rack/method_override.rb:22:in `call'
rack (2.0.5) lib/rack/runtime.rb:22:in `call'
activesupport (5.2.1) lib/active_support/cache/strategy/local_cache_middleware.rb:29:in `call'
actionpack (5.2.1) lib/action_dispatch/middleware/executor.rb:14:in `call'
actionpack (5.2.1) lib/action_dispatch/middleware/static.rb:127:in `call'
rack (2.0.5) lib/rack/sendfile.rb:111:in `call'
railties (5.2.1) lib/rails/engine.rb:524:in `call'
puma (3.12.0) lib/puma/configuration.rb:225:in `call'
puma (3.12.0) lib/puma/server.rb:658:in `handle_request'
puma (3.12.0) lib/puma/server.rb:472:in `process_client'
puma (3.12.0) lib/puma/server.rb:332:in `block in run'
puma (3.12.0) lib/puma/thread_pool.rb:133:in `block in spawn_thread'
Started GET "/" for 127.0.0.1 at 2018-10-23 08:50:27 -0600
Processing by ApplicationController#index as HTML
  Rendering application/index.html.erb within layouts/application
  Rendered application/index.html.erb within layouts/application (0.2ms)
Completed 200 OK in 849ms (Views: 848.4ms | ActiveRecord: 0.0ms)


Started GET "/" for 127.0.0.1 at 2018-10-23 08:52:55 -0600
Processing by ApplicationController#index as HTML
  Rendering application/index.html.erb within layouts/application
  Rendered application/index.html.erb within layouts/application (1.1ms)
Completed 500 Internal Server Error in 2ms (ActiveRecord: 0.0ms)


  
ActionView::Template::Error (No route matches {:action=>"show", :controller=>"users"}, missing required keys: [:id]):
    1: <h1> INDEX </h1>
    2: 
    3: <%= link_to 'Users', user_path %>
  
app/views/application/index.html.erb:3:in `_app_views_application_index_html_erb__659392752406732092_69979823661060'
Started GET "/" for 127.0.0.1 at 2018-10-23 08:53:23 -0600
Processing by ApplicationController#index as HTML
  Rendering application/index.html.erb within layouts/application
  Rendered application/index.html.erb within layouts/application (125.5ms)
Completed 500 Internal Server Error in 127ms (ActiveRecord: 0.0ms)


  
ActionView::Template::Error (undefined local variable or method `user_index_path' for #<#<Class:0x00007f4ae40241b8>:0x00007f4ae55dd3d8>
Did you mean?  user_path):
    1: <h1> INDEX </h1>
    2: 
    3: <%= link_to 'Users', user_index_path %>
  
app/views/application/index.html.erb:3:in `_app_views_application_index_html_erb__659392752406732092_69979826220720'
Started GET "/" for 127.0.0.1 at 2018-10-23 08:53:29 -0600
Processing by ApplicationController#index as HTML
  Rendering application/index.html.erb within layouts/application
  Rendered application/index.html.erb within layouts/application (123.6ms)
Completed 500 Internal Server Error in 125ms (ActiveRecord: 0.0ms)


  
ActionView::Template::Error (undefined local variable or method `user_index_path' for #<#<Class:0x00007f4ae40241b8>:0x00007f4ae514d908>
Did you mean?  user_path):
    1: <h1> INDEX </h1>
    2: 
    3: <%= link_to 'Users', user_index_path %>
  
app/views/application/index.html.erb:3:in `_app_views_application_index_html_erb__659392752406732092_69979823831020'
Started GET "/" for 127.0.0.1 at 2018-10-23 08:55:00 -0600
Processing by ApplicationController#index as HTML
  Rendering application/index.html.erb within layouts/application
  Rendered application/index.html.erb within layouts/application (0.7ms)
Completed 200 OK in 21ms (Views: 20.2ms | ActiveRecord: 0.0ms)


Started GET "/users" for 127.0.0.1 at 2018-10-23 08:55:02 -0600
Processing by UsersController#index as HTML
  Rendering users/index.html.erb within layouts/application
  [1m[36mUser Load (0.3ms)[0m  [1m[34mSELECT "users".* FROM "users"[0m
  ↳ app/views/users/index.html.erb:18
  Rendered users/index.html.erb within layouts/application (12.5ms)
Completed 500 Internal Server Error in 18ms (ActiveRecord: 0.7ms)


  
ActionView::Template::Error (undefined method `post_id' for #<User:0x00007f4ae5b62f10>
Did you mean?  post_ids
               post_ids=):
    20:         <td><%= user.username %></td>
    21:         <td><%= user.email %></td>
    22:         <td><%= user.password %></td>
    23:         <td><%= user.post_id %></td>
    24:         <td><%= user.comment_id %></td>
    25:         <td><%= link_to 'Show', user %></td>
    26:         <td><%= link_to 'Edit', edit_user_path(user) %></td>
  
app/views/users/index.html.erb:23:in `block in _app_views_users_index_html_erb__2741275188333518818_69979827027000'
app/views/users/index.html.erb:18:in `_app_views_users_index_html_erb__2741275188333518818_69979827027000'
Started GET "/users" for 127.0.0.1 at 2018-10-23 08:55:57 -0600
Processing by UsersController#index as HTML
  Rendering users/index.html.erb within layouts/application
  [1m[36mUser Load (0.1ms)[0m  [1m[34mSELECT "users".* FROM "users"[0m
  ↳ app/views/users/index.html.erb:16
  Rendered users/index.html.erb within layouts/application (1.3ms)
Completed 200 OK in 17ms (Views: 15.6ms | ActiveRecord: 0.1ms)


Started GET "/users/new" for 127.0.0.1 at 2018-10-23 08:56:01 -0600
Processing by UsersController#new as HTML
  Rendering users/new.html.erb within layouts/application
  Rendered users/_form.html.erb (14.0ms)
  Rendered users/new.html.erb within layouts/application (14.7ms)
Completed 200 OK in 27ms (Views: 26.6ms | ActiveRecord: 0.0ms)


Started GET "/users/new" for 127.0.0.1 at 2018-10-23 08:56:20 -0600
Processing by UsersController#new as HTML
  Rendering users/new.html.erb within layouts/application
  Rendered users/_form.html.erb (1.2ms)
  Rendered users/new.html.erb within layouts/application (1.8ms)
Completed 200 OK in 14ms (Views: 13.2ms | ActiveRecord: 0.0ms)


Started POST "/users" for 127.0.0.1 at 2018-10-23 08:56:31 -0600
Processing by UsersController#create as HTML
  Parameters: {"utf8"=>"✓", "authenticity_token"=>"VL+4MU92Banxh0VMov5hfgLgfwP8UJfXnb5CBdq3qzQ+rMNnM36/dfxMEuc/APGMpZWOng5oo3zyBwYjKRUKGg==", "user"=>{"username"=>"That guy", "email"=>"adkjfh", "password"=>"[FILTERED]"}, "commit"=>"Create User"}
  [1m[35m (0.0ms)[0m  [1m[36mbegin transaction[0m
  ↳ app/controllers/users_controller.rb:30
  [1m[36mUser Create (0.4ms)[0m  [1m[32mINSERT INTO "users" ("username", "email", "password", "created_at", "updated_at") VALUES (?, ?, ?, ?, ?)[0m  [["username", "That guy"], ["email", "adkjfh"], ["password", "adsfasd"], ["created_at", "2018-10-23 14:56:31.255458"], ["updated_at", "2018-10-23 14:56:31.255458"]]
  ↳ app/controllers/users_controller.rb:30
  [1m[35m (0.9ms)[0m  [1m[36mcommit transaction[0m
  ↳ app/controllers/users_controller.rb:30
Redirected to http://localhost:3000/users/2
Completed 302 Found in 4ms (ActiveRecord: 1.4ms)


Started GET "/users/2" for 127.0.0.1 at 2018-10-23 08:56:31 -0600
Processing by UsersController#show as HTML
  Parameters: {"id"=>"2"}
  [1m[36mUser Load (0.2ms)[0m  [1m[34mSELECT  "users".* FROM "users" WHERE "users"."id" = ? LIMIT ?[0m  [["id", 2], ["LIMIT", 1]]
  ↳ app/controllers/users_controller.rb:67
  Rendering users/show.html.erb within layouts/application
  Rendered users/show.html.erb within layouts/application (4.1ms)
Completed 500 Internal Server Error in 7ms (ActiveRecord: 0.2ms)


  
ActionView::Template::Error (undefined method `post_id' for #<User:0x00007f4ae5748d80>
Did you mean?  post_ids
               post_ids=):
    17: 
    18: <p>
    19:   <strong>Post:</strong>
    20:   <%= @user.post_id %>
    21: </p>
    22: 
    23: <p>
  
app/views/users/show.html.erb:20:in `_app_views_users_show_html_erb___823783815162338134_69979826952620'
Started GET "/users/2" for 127.0.0.1 at 2018-10-23 08:56:48 -0600
Processing by UsersController#show as HTML
  Parameters: {"id"=>"2"}
  [1m[36mUser Load (0.1ms)[0m  [1m[34mSELECT  "users".* FROM "users" WHERE "users"."id" = ? LIMIT ?[0m  [["id", 2], ["LIMIT", 1]]
  ↳ app/controllers/users_controller.rb:67
  Rendering users/show.html.erb within layouts/application
  Rendered users/show.html.erb within layouts/application (0.5ms)
Completed 200 OK in 11ms (Views: 10.0ms | ActiveRecord: 0.1ms)


Started GET "/users" for 127.0.0.1 at 2018-10-23 08:56:51 -0600
Processing by UsersController#index as HTML
  Rendering users/index.html.erb within layouts/application
  [1m[36mUser Load (0.1ms)[0m  [1m[34mSELECT "users".* FROM "users"[0m
  ↳ app/views/users/index.html.erb:16
  Rendered users/index.html.erb within layouts/application (1.3ms)
Completed 200 OK in 13ms (Views: 12.3ms | ActiveRecord: 0.1ms)


Started GET "/users" for 127.0.0.1 at 2018-10-23 09:02:21 -0600
Processing by UsersController#index as HTML
  Rendering users/index.html.erb within layouts/application
  [1m[36mUser Load (0.2ms)[0m  [1m[34mSELECT "users".* FROM "users"[0m
  ↳ app/views/users/index.html.erb:16
  Rendered users/index.html.erb within layouts/application (6.0ms)
Completed 500 Internal Server Error in 20ms (ActiveRecord: 0.2ms)


  
ActionView::Template::Error (No route matches {:action=>"index", :controller=>"Comments"}):
    24:         <a class="nav-link" href="#">Features</a>
    25:       </li>
    26:       <li class="nav-item">
    27:         <a class="nav-link" href="#">Pricing</a> <%= link_to 'Comments', { controller: "Comments", action: "index"}, class: "nav-link" %>
    28:       </li>
    29:     </ul>
    30:   </div>
  
app/views/layouts/application.html.erb:27:in `_app_views_layouts_application_html_erb___3877727841812046728_47084877638220'
Started GET "/users" for 127.0.0.1 at 2018-10-23 09:03:29 -0600
Processing by UsersController#index as HTML
  Rendering users/index.html.erb within layouts/application
  [1m[36mUser Load (0.2ms)[0m  [1m[34mSELECT "users".* FROM "users"[0m
  ↳ app/views/users/index.html.erb:16
  Rendered users/index.html.erb within layouts/application (1.5ms)
Completed 200 OK in 16ms (Views: 14.8ms | ActiveRecord: 0.2ms)


Started GET "/users" for 127.0.0.1 at 2018-10-23 09:06:19 -0600
Processing by UsersController#index as HTML
  Rendering users/index.html.erb within layouts/application
  [1m[36mUser Load (0.1ms)[0m  [1m[34mSELECT "users".* FROM "users"[0m
  ↳ app/views/users/index.html.erb:16
  Rendered users/index.html.erb within layouts/application (2.0ms)
Completed 200 OK in 24ms (Views: 22.4ms | ActiveRecord: 0.1ms)


Started GET "/users" for 127.0.0.1 at 2018-10-23 09:06:21 -0600
Processing by UsersController#index as HTML
  Rendering users/index.html.erb within layouts/application
  [1m[36mUser Load (0.1ms)[0m  [1m[34mSELECT "users".* FROM "users"[0m
  ↳ app/views/users/index.html.erb:16
  Rendered users/index.html.erb within layouts/application (1.5ms)
Completed 200 OK in 14ms (Views: 12.8ms | ActiveRecord: 0.1ms)


Started GET "/users" for 127.0.0.1 at 2018-10-23 09:06:34 -0600
  [1m[35m (0.1ms)[0m  [1m[34mSELECT "schema_migrations"."version" FROM "schema_migrations" ORDER BY "schema_migrations"."version" ASC[0m
  ↳ /home/vardy/.rbenv/versions/2.5.1/lib/ruby/gems/2.5.0/gems/activerecord-5.2.1/lib/active_record/log_subscriber.rb:98
Processing by UsersController#index as HTML
  Rendering users/index.html.erb within layouts/application
  [1m[36mUser Load (0.1ms)[0m  [1m[34mSELECT "users".* FROM "users"[0m
  ↳ app/views/users/index.html.erb:16
  Rendered users/index.html.erb within layouts/application (5.4ms)
Completed 200 OK in 180ms (Views: 173.4ms | ActiveRecord: 0.5ms)


Started GET "/users" for 127.0.0.1 at 2018-10-23 09:11:26 -0600
Processing by UsersController#index as HTML
  Rendering users/index.html.erb within layouts/application
  [1m[36mUser Load (0.1ms)[0m  [1m[34mSELECT "users".* FROM "users"[0m
  ↳ app/views/users/index.html.erb:16
  Rendered users/index.html.erb within layouts/application (1.2ms)
Completed 500 Internal Server Error in 1613ms (ActiveRecord: 0.1ms)


  
ActionView::Template::Error (Asset was not declared to be precompiled in production.
Add `Rails.application.config.assets.precompile += %w( custom.css )` to `config/initializers/assets.rb` and restart your server):
     5:     <%= csrf_meta_tags %>
     6:     <%= csp_meta_tag %>
     7: 
     8:     <%= stylesheet_link_tag    'custom', media: 'all', 'data-turbolinks-track': 'reload' %>
     9:     <%= javascript_include_tag 'application', 'data-turbolinks-track': 'reload' %>
    10:   </head>
    11: 
  
app/views/layouts/application.html.erb:8:in `_app_views_layouts_application_html_erb___3887050002593183222_69899003571500'
Started GET "/users/2" for 127.0.0.1 at 2018-10-23 09:11:36 -0600
Processing by UsersController#show as HTML
  Parameters: {"id"=>"2"}
  [1m[36mUser Load (0.1ms)[0m  [1m[34mSELECT  "users".* FROM "users" WHERE "users"."id" = ? LIMIT ?[0m  [["id", 2], ["LIMIT", 1]]
  ↳ app/controllers/users_controller.rb:67
  Rendering users/show.html.erb within layouts/application
  Rendered users/show.html.erb within layouts/application (0.4ms)
Completed 500 Internal Server Error in 15ms (ActiveRecord: 0.1ms)


  
ActionView::Template::Error (Asset was not declared to be precompiled in production.
Add `Rails.application.config.assets.precompile += %w( custom.css )` to `config/initializers/assets.rb` and restart your server):
     5:     <%= csrf_meta_tags %>
     6:     <%= csp_meta_tag %>
     7: 
     8:     <%= stylesheet_link_tag    'custom', media: 'all', 'data-turbolinks-track': 'reload' %>
     9:     <%= javascript_include_tag 'application', 'data-turbolinks-track': 'reload' %>
    10:   </head>
    11: 
  
app/views/layouts/application.html.erb:8:in `_app_views_layouts_application_html_erb___3887050002593183222_69898747486560'
Started GET "/users/2" for 127.0.0.1 at 2018-10-23 09:12:13 -0600
Processing by UsersController#show as HTML
  Parameters: {"id"=>"2"}
  [1m[36mUser Load (0.1ms)[0m  [1m[34mSELECT  "users".* FROM "users" WHERE "users"."id" = ? LIMIT ?[0m  [["id", 2], ["LIMIT", 1]]
  ↳ app/controllers/users_controller.rb:67
  Rendering users/show.html.erb within layouts/application
  Rendered users/show.html.erb within layouts/application (0.5ms)
Completed 200 OK in 35ms (Views: 34.3ms | ActiveRecord: 0.1ms)


Started GET "/users/2" for 127.0.0.1 at 2018-10-23 09:12:22 -0600
Processing by UsersController#show as HTML
  Parameters: {"id"=>"2"}
  [1m[36mUser Load (0.1ms)[0m  [1m[34mSELECT  "users".* FROM "users" WHERE "users"."id" = ? LIMIT ?[0m  [["id", 2], ["LIMIT", 1]]
  ↳ app/controllers/users_controller.rb:67
  Rendering users/show.html.erb within layouts/application
  Rendered users/show.html.erb within layouts/application (0.4ms)
Completed 200 OK in 18ms (Views: 17.1ms | ActiveRecord: 0.1ms)


Started GET "/users/2" for 127.0.0.1 at 2018-10-23 09:12:30 -0600
  [1m[35m (0.1ms)[0m  [1m[34mSELECT "schema_migrations"."version" FROM "schema_migrations" ORDER BY "schema_migrations"."version" ASC[0m
  ↳ /home/vardy/.rbenv/versions/2.5.1/lib/ruby/gems/2.5.0/gems/activerecord-5.2.1/lib/active_record/log_subscriber.rb:98
Processing by UsersController#show as HTML
  Parameters: {"id"=>"2"}
  [1m[36mUser Load (0.1ms)[0m  [1m[34mSELECT  "users".* FROM "users" WHERE "users"."id" = ? LIMIT ?[0m  [["id", 2], ["LIMIT", 1]]
  ↳ app/controllers/users_controller.rb:67
  Rendering users/show.html.erb within layouts/application
  Rendered users/show.html.erb within layouts/application (0.9ms)
Completed 200 OK in 154ms (Views: 141.2ms | ActiveRecord: 0.6ms)


Started GET "/" for 127.0.0.1 at 2018-10-23 09:13:36 -0600
Processing by ApplicationController#index as HTML
  Rendering application/index.html.erb within layouts/application
  Rendered application/index.html.erb within layouts/application (0.4ms)
Completed 200 OK in 15ms (Views: 14.4ms | ActiveRecord: 0.0ms)


Started GET "/" for 127.0.0.1 at 2018-10-23 09:15:36 -0600
Processing by ApplicationController#index as HTML
  Rendering application/index.html.erb within layouts/application
  Rendered application/index.html.erb within layouts/application (0.4ms)
Completed 500 Internal Server Error in 83ms (ActiveRecord: 0.0ms)


  
ActionView::Template::Error (undefined method `full_title' for #<#<Class:0x00007fa7300eb9e0>:0x00007fa724062610>):
    1: <!DOCTYPE html>
    2: <html>
    3:   <head>
    4:     <title><%= full_title(yield(:title)) %></title>
    5:     <%= csrf_meta_tags %>
    6:     <%= stylesheet_link_tag    'application', media: 'all',
    7:                                               'data-turbolinks-track': 'reload' %>
  
app/views/layouts/application.html.erb:4:in `_app_views_layouts_application_html_erb__1030404545349743323_70177920319760'
Started GET "/" for 127.0.0.1 at 2018-10-23 09:16:03 -0600
Processing by ApplicationController#index as HTML
  Rendering application/index.html.erb within layouts/application
  Rendered application/index.html.erb within layouts/application (0.4ms)
Completed 200 OK in 16ms (Views: 15.8ms | ActiveRecord: 0.0ms)


Started GET "/" for 127.0.0.1 at 2018-10-23 09:17:42 -0600
Processing by ApplicationController#index as HTML
  Rendering application/index.html.erb within layouts/application
  Rendered application/index.html.erb within layouts/application (0.5ms)
Completed 200 OK in 772ms (Views: 771.9ms | ActiveRecord: 0.0ms)


Started GET "/" for 127.0.0.1 at 2018-10-23 09:17:52 -0600
Processing by ApplicationController#index as HTML
  Rendering application/index.html.erb within layouts/application
  Rendered application/index.html.erb within layouts/application (0.7ms)
Completed 200 OK in 799ms (Views: 798.1ms | ActiveRecord: 0.0ms)


Started GET "/" for 127.0.0.1 at 2018-10-23 09:18:49 -0600
Processing by ApplicationController#index as HTML
  Rendering application/index.html.erb within layouts/application
  Rendered application/index.html.erb within layouts/application (0.5ms)
Completed 500 Internal Server Error in 167ms (ActiveRecord: 0.0ms)


  
ActionView::Template::Error (undefined local variable or method `index_path' for #<#<Class:0x00007fa7300eb9e0>:0x00007fa725854fe8>
Did you mean?  video_path):
    17:         <%= link_to "sample app", '#', id: "logo" %>
    18:         <nav>
    19:           <ul class="nav navbar-nav navbar-right">
    20:             <li><%= link_to "Home",   index_path %></li>
    21:             <li><%= link_to "Help",   '#' %></li>
    22:             <li><%= link_to "Log in", '#' %></li>
    23:           </ul>
  
app/views/layouts/application.html.erb:20:in `_app_views_layouts_application_html_erb__1030404545349743323_70177923920920'
Started GET "/" for 127.0.0.1 at 2018-10-23 09:19:32 -0600
Processing by ApplicationController#index as HTML
  Rendering application/index.html.erb within layouts/application
  Rendered application/index.html.erb within layouts/application (0.4ms)
Completed 200 OK in 17ms (Views: 16.5ms | ActiveRecord: 0.0ms)


Started GET "/" for 127.0.0.1 at 2018-10-23 09:19:34 -0600
Processing by ApplicationController#index as HTML
  Rendering application/index.html.erb within layouts/application
  Rendered application/index.html.erb within layouts/application (0.4ms)
Completed 200 OK in 17ms (Views: 16.2ms | ActiveRecord: 0.0ms)


Started GET "/" for 127.0.0.1 at 2018-10-23 09:19:35 -0600
Processing by ApplicationController#index as HTML
  Rendering application/index.html.erb within layouts/application
  Rendered application/index.html.erb within layouts/application (0.4ms)
Completed 200 OK in 16ms (Views: 15.2ms | ActiveRecord: 0.0ms)


Started GET "/" for 127.0.0.1 at 2018-10-23 09:20:31 -0600
Processing by ApplicationController#index as HTML
  Rendering application/index.html.erb within layouts/application
  Rendered application/index.html.erb within layouts/application (0.4ms)
Completed 500 Internal Server Error in 15ms (ActiveRecord: 0.0ms)


  
ActionView::Template::Error (No route matches {:action=>"index", :controller=>"user"}):
    18:         <nav>
    19:           <ul class="nav navbar-nav navbar-right">
    20:             <li><%= link_to "Home",   {controller: 'application', action: 'index'} %></li>
    21:             <li><%= link_to "Users",   {controller: 'user', action: 'index'} %></li>
    22:             <li><%= link_to "Posts",   {controller: 'post', action: 'index'} %></li>
    23:             <li><%= link_to "Comments",{controller: 'comment', action: 'index'} %></li>
    24:           </ul>
  
app/views/layouts/application.html.erb:21:in `_app_views_layouts_application_html_erb__1030404545349743323_70177926476260'
Started GET "/" for 127.0.0.1 at 2018-10-23 09:21:00 -0600
Processing by ApplicationController#index as HTML
  Rendering application/index.html.erb within layouts/application
  Rendered application/index.html.erb within layouts/application (0.4ms)
Completed 200 OK in 17ms (Views: 16.0ms | ActiveRecord: 0.0ms)


Started GET "/users" for 127.0.0.1 at 2018-10-23 09:21:03 -0600
Processing by UsersController#index as HTML
  Rendering users/index.html.erb within layouts/application
  [1m[36mUser Load (0.1ms)[0m  [1m[34mSELECT "users".* FROM "users"[0m
  ↳ app/views/users/index.html.erb:16
  Rendered users/index.html.erb within layouts/application (1.5ms)
Completed 200 OK in 19ms (Views: 17.7ms | ActiveRecord: 0.1ms)


Started GET "/posts" for 127.0.0.1 at 2018-10-23 09:21:04 -0600
Processing by PostsController#index as HTML
  Rendering posts/index.html.erb within layouts/application
  [1m[36mPost Load (0.4ms)[0m  [1m[34mSELECT "posts".* FROM "posts"[0m
  ↳ app/views/posts/index.html.erb:16
  Rendered posts/index.html.erb within layouts/application (5.4ms)
Completed 200 OK in 25ms (Views: 20.6ms | ActiveRecord: 0.8ms)


Started GET "/comments" for 127.0.0.1 at 2018-10-23 09:21:05 -0600
Processing by CommentsController#index as HTML
  Rendering comments/index.html.erb within layouts/application
  [1m[36mComment Load (0.1ms)[0m  [1m[34mSELECT "comments".* FROM "comments"[0m
  ↳ app/views/comments/index.html.erb:17
  Rendered comments/index.html.erb within layouts/application (1.4ms)
Completed 200 OK in 21ms (Views: 16.8ms | ActiveRecord: 0.3ms)


Started GET "/" for 127.0.0.1 at 2018-10-23 09:21:08 -0600
Processing by ApplicationController#index as HTML
  Rendering application/index.html.erb within layouts/application
  Rendered application/index.html.erb within layouts/application (0.4ms)
Completed 200 OK in 17ms (Views: 16.0ms | ActiveRecord: 0.0ms)


Started GET "/users" for 127.0.0.1 at 2018-10-23 09:21:08 -0600
Processing by UsersController#index as HTML
  Rendering users/index.html.erb within layouts/application
  [1m[36mUser Load (0.2ms)[0m  [1m[34mSELECT "users".* FROM "users"[0m
  ↳ app/views/users/index.html.erb:16
  Rendered users/index.html.erb within layouts/application (1.3ms)
Completed 200 OK in 21ms (Views: 20.3ms | ActiveRecord: 0.2ms)


Started GET "/posts" for 127.0.0.1 at 2018-10-23 09:21:09 -0600
Processing by PostsController#index as HTML
  Rendering posts/index.html.erb within layouts/application
  [1m[36mPost Load (0.1ms)[0m  [1m[34mSELECT "posts".* FROM "posts"[0m
  ↳ app/views/posts/index.html.erb:16
  Rendered posts/index.html.erb within layouts/application (1.2ms)
Completed 200 OK in 19ms (Views: 18.2ms | ActiveRecord: 0.1ms)


Started GET "/comments" for 127.0.0.1 at 2018-10-23 09:21:10 -0600
Processing by CommentsController#index as HTML
  Rendering comments/index.html.erb within layouts/application
  [1m[36mComment Load (0.1ms)[0m  [1m[34mSELECT "comments".* FROM "comments"[0m
  ↳ app/views/comments/index.html.erb:17
  Rendered comments/index.html.erb within layouts/application (0.9ms)
Completed 200 OK in 21ms (Views: 20.1ms | ActiveRecord: 0.1ms)


Started GET "/" for 127.0.0.1 at 2018-10-23 09:21:11 -0600
Processing by ApplicationController#index as HTML
  Rendering application/index.html.erb within layouts/application
  Rendered application/index.html.erb within layouts/application (0.4ms)
Completed 200 OK in 20ms (Views: 18.7ms | ActiveRecord: 0.0ms)


Started GET "/" for 127.0.0.1 at 2018-10-23 09:23:16 -0600
Processing by ApplicationController#index as HTML
  Rendering application/index.html.erb within layouts/application
  Rendered application/index.html.erb within layouts/application (0.3ms)
Completed 500 Internal Server Error in 2ms (ActiveRecord: 0.0ms)


  
SyntaxError (/home/vardy/coding/tiny-rails-apps/practiceapp/app/views/layouts/application.html.erb:17: syntax error, unexpected tIDENTIFIER, expecting ')'
...plication', action: 'index'} id: 'logo' );@output_buffer.saf...
...                             ^~):
  
app/views/layouts/application.html.erb:17: syntax error, unexpected tIDENTIFIER, expecting ')'
Started GET "/" for 127.0.0.1 at 2018-10-23 09:23:42 -0600
Processing by ApplicationController#index as HTML
  Rendering application/index.html.erb within layouts/application
  Rendered application/index.html.erb within layouts/application (0.4ms)
Completed 500 Internal Server Error in 2ms (ActiveRecord: 0.0ms)


  
SyntaxError (/home/vardy/coding/tiny-rails-apps/practiceapp/app/views/layouts/application.html.erb:17: syntax error, unexpected tIDENTIFIER, expecting ')'
...plication', action: 'index'} id: 'logo' );@output_buffer.saf...
...                             ^~):
  
app/views/layouts/application.html.erb:17: syntax error, unexpected tIDENTIFIER, expecting ')'
Started GET "/" for 127.0.0.1 at 2018-10-23 09:24:46 -0600
Processing by ApplicationController#index as HTML
  Rendering application/index.html.erb within layouts/application
  Rendered application/index.html.erb within layouts/application (0.4ms)
Completed 200 OK in 729ms (Views: 728.2ms | ActiveRecord: 0.0ms)


Started GET "/" for 127.0.0.1 at 2018-10-23 09:25:02 -0600
Processing by ApplicationController#index as HTML
  Rendering application/index.html.erb within layouts/application
  Rendered application/index.html.erb within layouts/application (0.4ms)
Completed 500 Internal Server Error in 2ms (ActiveRecord: 0.0ms)


  
SyntaxError (/home/vardy/coding/tiny-rails-apps/practiceapp/app/views/layouts/application.html.erb:17: syntax error, unexpected keyword_class, expecting ')'
...cation', action: 'index'} class: 'logo' );@output_buffer.saf...
...                          ^~~~~):
  
app/views/layouts/application.html.erb:17: syntax error, unexpected keyword_class, expecting ')'
Started GET "/comments" for 127.0.0.1 at 2018-10-23 09:25:06 -0600
Processing by CommentsController#index as HTML
  Rendering comments/index.html.erb within layouts/application
  [1m[36mComment Load (0.1ms)[0m  [1m[34mSELECT "comments".* FROM "comments"[0m
  ↳ app/views/comments/index.html.erb:17
  Rendered comments/index.html.erb within layouts/application (1.8ms)
Completed 500 Internal Server Error in 6ms (ActiveRecord: 0.1ms)


  
SyntaxError (/home/vardy/coding/tiny-rails-apps/practiceapp/app/views/layouts/application.html.erb:17: syntax error, unexpected keyword_class, expecting ')'
...cation', action: 'index'} class: 'logo' );@output_buffer.saf...
...                          ^~~~~):
  
app/views/layouts/application.html.erb:17: syntax error, unexpected keyword_class, expecting ')'
Started GET "/posts" for 127.0.0.1 at 2018-10-23 09:25:08 -0600
Processing by PostsController#index as HTML
  Rendering posts/index.html.erb within layouts/application
  [1m[36mPost Load (0.1ms)[0m  [1m[34mSELECT "posts".* FROM "posts"[0m
  ↳ app/views/posts/index.html.erb:16
  Rendered posts/index.html.erb within layouts/application (1.2ms)
Completed 500 Internal Server Error in 3ms (ActiveRecord: 0.1ms)


  
SyntaxError (/home/vardy/coding/tiny-rails-apps/practiceapp/app/views/layouts/application.html.erb:17: syntax error, unexpected keyword_class, expecting ')'
...cation', action: 'index'} class: 'logo' );@output_buffer.saf...
...                          ^~~~~):
  
app/views/layouts/application.html.erb:17: syntax error, unexpected keyword_class, expecting ')'
Started GET "/users" for 127.0.0.1 at 2018-10-23 09:25:09 -0600
Processing by UsersController#index as HTML
  Rendering users/index.html.erb within layouts/application
  [1m[36mUser Load (0.1ms)[0m  [1m[34mSELECT "users".* FROM "users"[0m
  ↳ app/views/users/index.html.erb:16
  Rendered users/index.html.erb within layouts/application (1.4ms)
Completed 500 Internal Server Error in 4ms (ActiveRecord: 0.1ms)


  
SyntaxError (/home/vardy/coding/tiny-rails-apps/practiceapp/app/views/layouts/application.html.erb:17: syntax error, unexpected keyword_class, expecting ')'
...cation', action: 'index'} class: 'logo' );@output_buffer.saf...
...                          ^~~~~):
  
app/views/layouts/application.html.erb:17: syntax error, unexpected keyword_class, expecting ')'
Started GET "/users" for 127.0.0.1 at 2018-10-23 09:25:23 -0600
Processing by UsersController#index as HTML
  Rendering users/index.html.erb within layouts/application
  [1m[36mUser Load (0.1ms)[0m  [1m[34mSELECT "users".* FROM "users"[0m
  ↳ app/views/users/index.html.erb:16
  Rendered users/index.html.erb within layouts/application (1.3ms)
Completed 500 Internal Server Error in 3ms (ActiveRecord: 0.1ms)


  
SyntaxError (/home/vardy/coding/tiny-rails-apps/practiceapp/app/views/layouts/application.html.erb:17: syntax error, unexpected keyword_class, expecting '}'
...ication', action: 'index' class: 'logo'}  );@output_buffer.s...
...                          ^~~~~
/home/vardy/coding/tiny-rails-apps/practiceapp/app/views/layouts/application.html.erb:17: syntax error, unexpected '}', expecting ')'
... action: 'index' class: 'logo'}  );@output_buffer.safe_appen...
...                              ^
/home/vardy/coding/tiny-rails-apps/practiceapp/app/views/layouts/application.html.erb:34: syntax error, unexpected keyword_ensure, expecting ')'
          ensure
          ^~~~~~
/home/vardy/coding/tiny-rails-apps/practiceapp/app/views/layouts/application.html.erb:36: syntax error, unexpected keyword_end, expecting ')'
          end
          ^~~):
  
app/views/layouts/application.html.erb:17: syntax error, unexpected keyword_class, expecting '}'
app/views/layouts/application.html.erb:17: syntax error, unexpected '}', expecting ')'
app/views/layouts/application.html.erb:34: syntax error, unexpected keyword_ensure, expecting ')'
app/views/layouts/application.html.erb:36: syntax error, unexpected keyword_end, expecting ')'
Started GET "/users" for 127.0.0.1 at 2018-10-23 09:25:40 -0600
Processing by UsersController#index as HTML
  Rendering users/index.html.erb within layouts/application
  [1m[36mUser Load (0.2ms)[0m  [1m[34mSELECT "users".* FROM "users"[0m
  ↳ app/views/users/index.html.erb:16
  Rendered users/index.html.erb within layouts/application (1.5ms)
Completed 200 OK in 20ms (Views: 18.9ms | ActiveRecord: 0.2ms)


Started GET "/users" for 127.0.0.1 at 2018-10-23 09:26:03 -0600
Processing by UsersController#index as HTML
  Rendering users/index.html.erb within layouts/application
  [1m[36mUser Load (0.2ms)[0m  [1m[34mSELECT "users".* FROM "users"[0m
  ↳ app/views/users/index.html.erb:16
  Rendered users/index.html.erb within layouts/application (1.4ms)
Completed 200 OK in 20ms (Views: 18.9ms | ActiveRecord: 0.2ms)


Started GET "/users" for 127.0.0.1 at 2018-10-23 09:26:16 -0600
Processing by UsersController#index as HTML
  Rendering users/index.html.erb within layouts/application
  [1m[36mUser Load (0.1ms)[0m  [1m[34mSELECT "users".* FROM "users"[0m
  ↳ app/views/users/index.html.erb:16
  Rendered users/index.html.erb within layouts/application (1.2ms)
Completed 500 Internal Server Error in 4ms (ActiveRecord: 0.1ms)


  
SyntaxError (/home/vardy/coding/tiny-rails-apps/practiceapp/app/views/layouts/application.html.erb:17: syntax error, unexpected keyword_class, expecting ')'
...cation', action: 'index'} class: 'logo' );@output_buffer.saf...
...                          ^~~~~):
  
app/views/layouts/application.html.erb:17: syntax error, unexpected keyword_class, expecting ')'
Started GET "/users" for 127.0.0.1 at 2018-10-23 09:31:34 -0600
Processing by UsersController#index as HTML
  Rendering users/index.html.erb within layouts/application
  [1m[36mUser Load (0.1ms)[0m  [1m[34mSELECT "users".* FROM "users"[0m
  ↳ app/views/users/index.html.erb:16
  Rendered users/index.html.erb within layouts/application (1.3ms)
Completed 200 OK in 19ms (Views: 18.2ms | ActiveRecord: 0.1ms)


Started GET "/users" for 127.0.0.1 at 2018-10-23 09:32:01 -0600
Processing by UsersController#index as HTML
  Rendering users/index.html.erb within layouts/application
  [1m[36mUser Load (0.1ms)[0m  [1m[34mSELECT "users".* FROM "users"[0m
  ↳ app/views/users/index.html.erb:16
  Rendered users/index.html.erb within layouts/application (1.2ms)
Completed 200 OK in 726ms (Views: 724.9ms | ActiveRecord: 0.1ms)


Started GET "/users" for 127.0.0.1 at 2018-10-23 09:32:04 -0600
Processing by UsersController#index as HTML
  Rendering users/index.html.erb within layouts/application
  [1m[36mUser Load (0.2ms)[0m  [1m[34mSELECT "users".* FROM "users"[0m
  ↳ app/views/users/index.html.erb:16
  Rendered users/index.html.erb within layouts/application (1.6ms)
Completed 200 OK in 20ms (Views: 19.1ms | ActiveRecord: 0.2ms)


Started GET "/users" for 127.0.0.1 at 2018-10-23 09:32:11 -0600
Processing by UsersController#index as HTML
  Rendering users/index.html.erb within layouts/application
  [1m[36mUser Load (0.1ms)[0m  [1m[34mSELECT "users".* FROM "users"[0m
  ↳ app/views/users/index.html.erb:16
  Rendered users/index.html.erb within layouts/application (1.1ms)
Completed 200 OK in 20ms (Views: 18.9ms | ActiveRecord: 0.1ms)


Started GET "/users" for 127.0.0.1 at 2018-10-23 09:32:25 -0600
Processing by UsersController#index as HTML
  Rendering users/index.html.erb within layouts/application
  [1m[36mUser Load (0.1ms)[0m  [1m[34mSELECT "users".* FROM "users"[0m
  ↳ app/views/users/index.html.erb:16
  Rendered users/index.html.erb within layouts/application (1.1ms)
Completed 200 OK in 753ms (Views: 752.2ms | ActiveRecord: 0.1ms)


Started GET "/users" for 127.0.0.1 at 2018-10-23 09:32:27 -0600
Processing by UsersController#index as HTML
  Rendering users/index.html.erb within layouts/application
  [1m[36mUser Load (0.1ms)[0m  [1m[34mSELECT "users".* FROM "users"[0m
  ↳ app/views/users/index.html.erb:16
  Rendered users/index.html.erb within layouts/application (1.4ms)
Completed 200 OK in 21ms (Views: 20.0ms | ActiveRecord: 0.1ms)


Started GET "/users" for 127.0.0.1 at 2018-10-23 09:33:20 -0600
Processing by UsersController#index as HTML
  Rendering users/index.html.erb within layouts/application
  [1m[36mUser Load (0.1ms)[0m  [1m[34mSELECT "users".* FROM "users"[0m
  ↳ app/views/users/index.html.erb:16
  Rendered users/index.html.erb within layouts/application (1.2ms)
Completed 200 OK in 773ms (Views: 772.5ms | ActiveRecord: 0.1ms)


Started GET "/users" for 127.0.0.1 at 2018-10-23 09:33:46 -0600
Processing by UsersController#index as HTML
  Rendering users/index.html.erb within layouts/application
  [1m[36mUser Load (0.1ms)[0m  [1m[34mSELECT "users".* FROM "users"[0m
  ↳ app/views/users/index.html.erb:16
  Rendered users/index.html.erb within layouts/application (1.3ms)
Completed 200 OK in 817ms (Views: 816.3ms | ActiveRecord: 0.1ms)


Started GET "/users" for 127.0.0.1 at 2018-10-23 09:33:57 -0600
Processing by UsersController#index as HTML
  Rendering users/index.html.erb within layouts/application
  [1m[36mUser Load (0.2ms)[0m  [1m[34mSELECT "users".* FROM "users"[0m
  ↳ app/views/users/index.html.erb:16
  Rendered users/index.html.erb within layouts/application (2.5ms)
Completed 200 OK in 769ms (Views: 767.0ms | ActiveRecord: 0.2ms)


Started GET "/users" for 127.0.0.1 at 2018-10-23 09:35:01 -0600
Processing by UsersController#index as HTML
  Rendering users/index.html.erb within layouts/application
  [1m[36mUser Load (0.1ms)[0m  [1m[34mSELECT "users".* FROM "users"[0m
  ↳ app/views/users/index.html.erb:16
  Rendered users/index.html.erb within layouts/application (1.1ms)
Completed 200 OK in 807ms (Views: 805.9ms | ActiveRecord: 0.1ms)


Started GET "/users" for 127.0.0.1 at 2018-10-23 09:35:22 -0600
Processing by UsersController#index as HTML
  Rendering users/index.html.erb within layouts/application
  [1m[36mUser Load (0.1ms)[0m  [1m[34mSELECT "users".* FROM "users"[0m
  ↳ app/views/users/index.html.erb:16
  Rendered users/index.html.erb within layouts/application (1.4ms)
Completed 200 OK in 804ms (Views: 802.9ms | ActiveRecord: 0.1ms)


Started GET "/users" for 127.0.0.1 at 2018-10-23 09:36:12 -0600
Processing by UsersController#index as HTML
  Rendering users/index.html.erb within layouts/application
  [1m[36mUser Load (0.1ms)[0m  [1m[34mSELECT "users".* FROM "users"[0m
  ↳ app/views/users/index.html.erb:16
  Rendered users/index.html.erb within layouts/application (2.3ms)
Completed 200 OK in 30ms (Views: 28.4ms | ActiveRecord: 0.1ms)


Started GET "/users" for 127.0.0.1 at 2018-10-23 09:36:45 -0600
Processing by UsersController#index as HTML
  Rendering users/index.html.erb within layouts/application
  [1m[36mUser Load (0.1ms)[0m  [1m[34mSELECT "users".* FROM "users"[0m
  ↳ app/views/users/index.html.erb:16
  Rendered users/index.html.erb within layouts/application (1.6ms)
Completed 200 OK in 749ms (Views: 748.4ms | ActiveRecord: 0.1ms)


Started GET "/users" for 127.0.0.1 at 2018-10-23 09:37:22 -0600
Processing by UsersController#index as HTML
  Rendering users/index.html.erb within layouts/application
  [1m[36mUser Load (0.1ms)[0m  [1m[34mSELECT "users".* FROM "users"[0m
  ↳ app/views/users/index.html.erb:16
  Rendered users/index.html.erb within layouts/application (1.3ms)
Completed 200 OK in 802ms (Views: 801.6ms | ActiveRecord: 0.1ms)


Started GET "/users" for 127.0.0.1 at 2018-10-23 09:37:32 -0600
Processing by UsersController#index as HTML
  Rendering users/index.html.erb within layouts/application
  [1m[36mUser Load (0.1ms)[0m  [1m[34mSELECT "users".* FROM "users"[0m
  ↳ app/views/users/index.html.erb:16
  Rendered users/index.html.erb within layouts/application (1.2ms)
Completed 200 OK in 17ms (Views: 16.3ms | ActiveRecord: 0.1ms)


Started GET "/posts" for 127.0.0.1 at 2018-10-23 09:37:33 -0600
Processing by PostsController#index as HTML
  Rendering posts/index.html.erb within layouts/application
  [1m[36mPost Load (0.1ms)[0m  [1m[34mSELECT "posts".* FROM "posts"[0m
  ↳ app/views/posts/index.html.erb:16
  Rendered posts/index.html.erb within layouts/application (1.2ms)
Completed 200 OK in 18ms (Views: 16.7ms | ActiveRecord: 0.1ms)


Started GET "/comments" for 127.0.0.1 at 2018-10-23 09:37:34 -0600
Processing by CommentsController#index as HTML
  Rendering comments/index.html.erb within layouts/application
  [1m[36mComment Load (0.1ms)[0m  [1m[34mSELECT "comments".* FROM "comments"[0m
  ↳ app/views/comments/index.html.erb:17
  Rendered comments/index.html.erb within layouts/application (0.9ms)
Completed 200 OK in 18ms (Views: 17.5ms | ActiveRecord: 0.1ms)


Started GET "/" for 127.0.0.1 at 2018-10-23 09:37:35 -0600
Processing by ApplicationController#index as HTML
  Rendering application/index.html.erb within layouts/application
  Rendered application/index.html.erb within layouts/application (0.5ms)
Completed 200 OK in 17ms (Views: 16.1ms | ActiveRecord: 0.0ms)


Started GET "/users" for 127.0.0.1 at 2018-10-23 09:37:36 -0600
Processing by UsersController#index as HTML
  Rendering users/index.html.erb within layouts/application
  [1m[36mUser Load (0.1ms)[0m  [1m[34mSELECT "users".* FROM "users"[0m
  ↳ app/views/users/index.html.erb:16
  Rendered users/index.html.erb within layouts/application (1.2ms)
Completed 200 OK in 22ms (Views: 20.7ms | ActiveRecord: 0.1ms)


Started GET "/posts" for 127.0.0.1 at 2018-10-23 09:37:37 -0600
Processing by PostsController#index as HTML
  Rendering posts/index.html.erb within layouts/application
  [1m[36mPost Load (0.1ms)[0m  [1m[34mSELECT "posts".* FROM "posts"[0m
  ↳ app/views/posts/index.html.erb:16
  Rendered posts/index.html.erb within layouts/application (1.2ms)
Completed 200 OK in 17ms (Views: 15.9ms | ActiveRecord: 0.1ms)


Started GET "/comments" for 127.0.0.1 at 2018-10-23 09:37:37 -0600
Processing by CommentsController#index as HTML
  Rendering comments/index.html.erb within layouts/application
  [1m[36mComment Load (0.1ms)[0m  [1m[34mSELECT "comments".* FROM "comments"[0m
  ↳ app/views/comments/index.html.erb:17
  Rendered comments/index.html.erb within layouts/application (0.9ms)
Completed 200 OK in 17ms (Views: 16.3ms | ActiveRecord: 0.1ms)


Started GET "/" for 127.0.0.1 at 2018-10-23 09:37:38 -0600
Processing by ApplicationController#index as HTML
  Rendering application/index.html.erb within layouts/application
  Rendered application/index.html.erb within layouts/application (0.3ms)
Completed 200 OK in 15ms (Views: 14.8ms | ActiveRecord: 0.0ms)


Started GET "/users" for 127.0.0.1 at 2018-10-23 09:37:39 -0600
Processing by UsersController#index as HTML
  Rendering users/index.html.erb within layouts/application
  [1m[36mUser Load (0.1ms)[0m  [1m[34mSELECT "users".* FROM "users"[0m
  ↳ app/views/users/index.html.erb:16
  Rendered users/index.html.erb within layouts/application (1.3ms)
Completed 200 OK in 44ms (Views: 43.2ms | ActiveRecord: 0.1ms)


Started GET "/posts" for 127.0.0.1 at 2018-10-23 09:37:39 -0600
Processing by PostsController#index as HTML
  Rendering posts/index.html.erb within layouts/application
  [1m[36mPost Load (0.1ms)[0m  [1m[34mSELECT "posts".* FROM "posts"[0m
  ↳ app/views/posts/index.html.erb:16
  Rendered posts/index.html.erb within layouts/application (1.3ms)
Completed 200 OK in 18ms (Views: 17.5ms | ActiveRecord: 0.1ms)


Started GET "/comments" for 127.0.0.1 at 2018-10-23 09:37:40 -0600
Processing by CommentsController#index as HTML
  Rendering comments/index.html.erb within layouts/application
  [1m[36mComment Load (0.1ms)[0m  [1m[34mSELECT "comments".* FROM "comments"[0m
  ↳ app/views/comments/index.html.erb:17
  Rendered comments/index.html.erb within layouts/application (0.9ms)
Completed 200 OK in 20ms (Views: 19.1ms | ActiveRecord: 0.1ms)


Started GET "/posts" for 127.0.0.1 at 2018-10-23 09:37:41 -0600
Processing by PostsController#index as HTML
  Rendering posts/index.html.erb within layouts/application
  [1m[36mPost Load (0.1ms)[0m  [1m[34mSELECT "posts".* FROM "posts"[0m
  ↳ app/views/posts/index.html.erb:16
  Rendered posts/index.html.erb within layouts/application (1.2ms)
Completed 200 OK in 22ms (Views: 21.4ms | ActiveRecord: 0.1ms)


Started GET "/users" for 127.0.0.1 at 2018-10-23 09:37:42 -0600
Processing by UsersController#index as HTML
  Rendering users/index.html.erb within layouts/application
  [1m[36mUser Load (0.1ms)[0m  [1m[34mSELECT "users".* FROM "users"[0m
  ↳ app/views/users/index.html.erb:16
  Rendered users/index.html.erb within layouts/application (1.3ms)
Completed 200 OK in 22ms (Views: 20.7ms | ActiveRecord: 0.1ms)


Started GET "/" for 127.0.0.1 at 2018-10-23 09:37:42 -0600
Processing by ApplicationController#index as HTML
  Rendering application/index.html.erb within layouts/application
  Rendered application/index.html.erb within layouts/application (0.4ms)
Completed 200 OK in 20ms (Views: 19.0ms | ActiveRecord: 0.0ms)


Started GET "/posts" for 127.0.0.1 at 2018-10-23 09:37:43 -0600
Processing by PostsController#index as HTML
  Rendering posts/index.html.erb within layouts/application
  [1m[36mPost Load (0.1ms)[0m  [1m[34mSELECT "posts".* FROM "posts"[0m
  ↳ app/views/posts/index.html.erb:16
  Rendered posts/index.html.erb within layouts/application (1.2ms)
Completed 200 OK in 22ms (Views: 20.8ms | ActiveRecord: 0.1ms)


Started GET "/users" for 127.0.0.1 at 2018-10-23 09:37:43 -0600
Processing by UsersController#index as HTML
  Rendering users/index.html.erb within layouts/application
  [1m[36mUser Load (0.1ms)[0m  [1m[34mSELECT "users".* FROM "users"[0m
  ↳ app/views/users/index.html.erb:16
  Rendered users/index.html.erb within layouts/application (1.5ms)
Completed 200 OK in 24ms (Views: 22.6ms | ActiveRecord: 0.1ms)


Started GET "/posts" for 127.0.0.1 at 2018-10-23 09:37:44 -0600
Processing by PostsController#index as HTML
  Rendering posts/index.html.erb within layouts/application
  [1m[36mPost Load (0.1ms)[0m  [1m[34mSELECT "posts".* FROM "posts"[0m
  ↳ app/views/posts/index.html.erb:16
  Rendered posts/index.html.erb within layouts/application (1.3ms)
Completed 200 OK in 24ms (Views: 23.1ms | ActiveRecord: 0.1ms)


Started GET "/comments" for 127.0.0.1 at 2018-10-23 09:37:45 -0600
Processing by CommentsController#index as HTML
  Rendering comments/index.html.erb within layouts/application
  [1m[36mComment Load (0.1ms)[0m  [1m[34mSELECT "comments".* FROM "comments"[0m
  ↳ app/views/comments/index.html.erb:17
  Rendered comments/index.html.erb within layouts/application (1.1ms)
Completed 200 OK in 20ms (Views: 19.0ms | ActiveRecord: 0.1ms)


Started GET "/posts" for 127.0.0.1 at 2018-10-23 09:37:46 -0600
Processing by PostsController#index as HTML
  Rendering posts/index.html.erb within layouts/application
  [1m[36mPost Load (0.1ms)[0m  [1m[34mSELECT "posts".* FROM "posts"[0m
  ↳ app/views/posts/index.html.erb:16
  Rendered posts/index.html.erb within layouts/application (1.3ms)
Completed 200 OK in 27ms (Views: 26.0ms | ActiveRecord: 0.1ms)


Started GET "/comments" for 127.0.0.1 at 2018-10-23 09:37:46 -0600
Processing by CommentsController#index as HTML
  Rendering comments/index.html.erb within layouts/application
  [1m[36mComment Load (0.1ms)[0m  [1m[34mSELECT "comments".* FROM "comments"[0m
  ↳ app/views/comments/index.html.erb:17
  Rendered comments/index.html.erb within layouts/application (1.0ms)
Completed 200 OK in 18ms (Views: 17.7ms | ActiveRecord: 0.1ms)


Started GET "/posts" for 127.0.0.1 at 2018-10-23 09:37:47 -0600
Processing by PostsController#index as HTML
  Rendering posts/index.html.erb within layouts/application
  [1m[36mPost Load (0.1ms)[0m  [1m[34mSELECT "posts".* FROM "posts"[0m
  ↳ app/views/posts/index.html.erb:16
  Rendered posts/index.html.erb within layouts/application (1.2ms)
Completed 200 OK in 21ms (Views: 20.0ms | ActiveRecord: 0.1ms)


Started GET "/users" for 127.0.0.1 at 2018-10-23 09:37:47 -0600
Processing by UsersController#index as HTML
  Rendering users/index.html.erb within layouts/application
  [1m[36mUser Load (0.1ms)[0m  [1m[34mSELECT "users".* FROM "users"[0m
  ↳ app/views/users/index.html.erb:16
  Rendered users/index.html.erb within layouts/application (1.4ms)
Completed 200 OK in 25ms (Views: 23.8ms | ActiveRecord: 0.1ms)


Started GET "/" for 127.0.0.1 at 2018-10-23 09:37:48 -0600
Processing by ApplicationController#index as HTML
  Rendering application/index.html.erb within layouts/application
  Rendered application/index.html.erb within layouts/application (0.5ms)
Completed 200 OK in 18ms (Views: 17.0ms | ActiveRecord: 0.0ms)


Started GET "/users" for 127.0.0.1 at 2018-10-23 09:37:49 -0600
Processing by UsersController#index as HTML
  Rendering users/index.html.erb within layouts/application
  [1m[36mUser Load (0.2ms)[0m  [1m[34mSELECT "users".* FROM "users"[0m
  ↳ app/views/users/index.html.erb:16
  Rendered users/index.html.erb within layouts/application (2.0ms)
Completed 200 OK in 23ms (Views: 21.7ms | ActiveRecord: 0.2ms)


Started GET "/posts" for 127.0.0.1 at 2018-10-23 09:37:49 -0600
Processing by PostsController#index as HTML
  Rendering posts/index.html.erb within layouts/application
  [1m[36mPost Load (0.1ms)[0m  [1m[34mSELECT "posts".* FROM "posts"[0m
  ↳ app/views/posts/index.html.erb:16
  Rendered posts/index.html.erb within layouts/application (1.2ms)
Completed 200 OK in 19ms (Views: 18.1ms | ActiveRecord: 0.1ms)


Started GET "/comments" for 127.0.0.1 at 2018-10-23 09:37:49 -0600
Processing by CommentsController#index as HTML
  Rendering comments/index.html.erb within layouts/application
  [1m[36mComment Load (0.1ms)[0m  [1m[34mSELECT "comments".* FROM "comments"[0m
  ↳ app/views/comments/index.html.erb:17
  Rendered comments/index.html.erb within layouts/application (0.9ms)
Completed 200 OK in 18ms (Views: 17.5ms | ActiveRecord: 0.1ms)


